2025-05-25 16:20:02 [main] INFO  TestCases.TC002_Login - -----------Finished TC002_Login --------------
2025-05-25 16:22:13 [main] INFO  org.testng.internal.Utils - [TestNG] Running:
  /Users/ushan/IdeaProjects/OpenCartFramework/grouping.xml

2025-05-25 16:22:13 [main] INFO  TestCases.TC001_RegisterAccount - Running on Chrome browder
2025-05-25 16:22:19 [main] INFO  TestCases.TC001_RegisterAccount - -----------Starting TC01_CreateAccount execution 
2025-05-25 16:22:19 [main] INFO  TestCases.TC001_RegisterAccount - -----------Clicking on MyAccount------- 
2025-05-25 16:22:19 [main] INFO  TestCases.TC001_RegisterAccount - -----------Clicking on Register------- 
2025-05-25 16:22:21 [main] INFO  TestCases.TC001_RegisterAccount - -----------Validating confirmation message------- 
2025-05-25 16:22:21 [main] INFO  TestCases.TC001_RegisterAccount - Your Account Has Been Created!
2025-05-25 16:22:21 [main] INFO  TestCases.TC001_RegisterAccount - -----------Testcase passed------- 
2025-05-25 16:22:21 [main] INFO  TestCases.TC001_RegisterAccount - -------------Finished TC01_CreateAccount execution-------
2025-05-25 16:22:21 [main] INFO  TestCases.TC002_Login - Running on Chrome browder
2025-05-25 16:22:25 [main] INFO  TestCases.TC002_Login - -----------Starting TC002_Login --------------
2025-05-25 16:22:28 [main] INFO  TestCases.TC002_Login - -----------Finished TC002_Login --------------
2025-05-25 16:24:40 [main] INFO  org.testng.internal.Utils - [TestNG] Running:
  /Users/ushan/IdeaProjects/OpenCartFramework/grouping.xml

2025-05-25 16:24:40 [main] INFO  TestCases.TC001_RegisterAccount - Running on Chrome browder
2025-05-25 16:24:44 [main] INFO  TestCases.TC001_RegisterAccount - -----------Starting TC01_CreateAccount execution 
2025-05-25 16:24:44 [main] INFO  TestCases.TC001_RegisterAccount - -----------Clicking on MyAccount------- 
2025-05-25 16:24:44 [main] INFO  TestCases.TC001_RegisterAccount - -----------Clicking on Register------- 
2025-05-25 16:24:46 [main] INFO  TestCases.TC001_RegisterAccount - -----------Validating confirmation message------- 
2025-05-25 16:24:46 [main] INFO  TestCases.TC001_RegisterAccount - Your Account Has Been Created!
2025-05-25 16:24:46 [main] INFO  TestCases.TC001_RegisterAccount - -----------Testcase passed------- 
2025-05-25 16:24:46 [main] INFO  TestCases.TC001_RegisterAccount - -------------Finished TC01_CreateAccount execution-------
2025-05-25 16:24:46 [main] INFO  TestCases.TC002_Login - Running on Chrome browder
2025-05-25 16:24:51 [main] INFO  TestCases.TC002_Login - -----------Starting TC002_Login --------------
2025-05-25 16:24:52 [main] INFO  TestCases.TC002_Login - -----------Finished TC002_Login --------------
2025-05-25 16:28:09 [main] INFO  org.testng.internal.Utils - [TestNG] Running:
  /Users/ushan/IdeaProjects/OpenCartFramework/grouping.xml

2025-05-25 16:28:09 [main] INFO  TestCases.TC001_RegisterAccount - Running on Chrome browder
2025-05-25 16:28:14 [main] INFO  TestCases.TC001_RegisterAccount - -----------Starting TC01_CreateAccount execution 
2025-05-25 16:28:14 [main] INFO  TestCases.TC001_RegisterAccount - -----------Clicking on MyAccount------- 
2025-05-25 16:28:14 [main] INFO  TestCases.TC001_RegisterAccount - -----------Clicking on Register------- 
2025-05-25 16:28:16 [main] INFO  TestCases.TC001_RegisterAccount - -----------Validating confirmation message------- 
2025-05-25 16:28:16 [main] INFO  TestCases.TC001_RegisterAccount - Your Account Has Been Created!
2025-05-25 16:28:16 [main] INFO  TestCases.TC001_RegisterAccount - -----------Testcase passed------- 
2025-05-25 16:28:16 [main] INFO  TestCases.TC001_RegisterAccount - -------------Finished TC01_CreateAccount execution-------
2025-05-25 16:28:16 [main] INFO  TestCases.TC002_Login - Running on Chrome browder
2025-05-25 16:28:20 [main] INFO  TestCases.TC002_Login - -----------Starting TC002_Login --------------
2025-05-25 16:28:22 [main] INFO  TestCases.TC002_Login - -----------Finished TC002_Login --------------
2025-05-25 16:29:33 [main] INFO  org.testng.internal.Utils - [TestNG] Running:
  /Users/ushan/IdeaProjects/OpenCartFramework/grouping.xml

2025-05-25 16:29:33 [main] INFO  TestCases.TC001_RegisterAccount - Running on Chrome browder
2025-05-25 16:29:38 [main] INFO  TestCases.TC001_RegisterAccount - -----------Starting TC01_CreateAccount execution 
2025-05-25 16:29:38 [main] INFO  TestCases.TC001_RegisterAccount - -----------Clicking on MyAccount------- 
2025-05-25 16:29:38 [main] INFO  TestCases.TC001_RegisterAccount - -----------Clicking on Register------- 
2025-05-25 16:29:41 [main] INFO  TestCases.TC001_RegisterAccount - -----------Validating confirmation message------- 
2025-05-25 16:29:41 [main] INFO  TestCases.TC001_RegisterAccount - Your Account Has Been Created!
2025-05-25 16:29:41 [main] INFO  TestCases.TC001_RegisterAccount - -----------Testcase passed------- 
2025-05-25 16:29:41 [main] INFO  TestCases.TC001_RegisterAccount - -------------Finished TC01_CreateAccount execution-------
