2025-05-25 10:33:43 [main] INFO  TestCases.TC01_CreateAccount - -----------Clicking on MyAccount------- 
2025-05-25 10:33:43 [main] INFO  TestCases.TC01_CreateAccount - -----------Clicking on Register------- 
2025-05-25 10:33:46 [main] INFO  TestCases.TC01_CreateAccount - -----------Validating confirmation message------- 
2025-05-25 10:33:46 [main] INFO  TestCases.TC01_CreateAccount - Your Account Has Been Created!
2025-05-25 10:33:46 [main] INFO  TestCases.TC01_CreateAccount - -----------Testcase passed------- 
2025-05-25 12:17:47 [main] INFO  TestCases.TC002_Login - Running on Chrome browder
2025-05-25 12:17:52 [main] INFO  TestCases.TC002_Login - -----------Starting TC002_Login --------------
2025-05-25 12:18:43 [main] INFO  TestCases.TC002_Login - Running on Chrome browder
2025-05-25 12:18:48 [main] INFO  TestCases.TC002_Login - -----------Starting TC002_Login --------------
2025-05-25 12:18:49 [main] INFO  TestCases.TC002_Login - -----------Finished TC002_Login --------------
2025-05-25 12:20:40 [main] INFO  org.testng.internal.Utils - [TestNG] Running:
  /Users/ushan/IdeaProjects/OpenCartFramework/testng.xml

2025-05-25 12:20:40 [main] INFO  TestCases.TC002_Login - Running on Chrome browder
2025-05-25 12:20:46 [main] INFO  TestCases.TC002_Login - -----------Starting TC002_Login --------------
2025-05-25 12:20:47 [main] INFO  TestCases.TC002_Login - -----------Finished TC002_Login --------------
2025-05-25 13:10:42 [main] INFO  org.testng.internal.Utils - [TestNG] Running:
  /Users/ushan/IdeaProjects/OpenCartFramework/testng.xml

2025-05-25 13:10:42 [main] INFO  TestCases.TC003_LoginDDT - Running on Chrome browder
2025-05-25 13:11:51 [main] INFO  org.testng.internal.Utils - [TestNG] Running:
  /Users/ushan/IdeaProjects/OpenCartFramework/testng.xml

2025-05-25 13:11:51 [main] INFO  TestCases.TC003_LoginDDT - Running on Chrome browder
2025-05-25 13:14:11 [main] INFO  org.testng.internal.Utils - [TestNG] Running:
  /Users/ushan/IdeaProjects/OpenCartFramework/testng.xml

2025-05-25 13:14:11 [main] INFO  TestCases.TC003_LoginDDT - Running on Chrome browder
2025-05-25 13:15:27 [main] INFO  org.testng.internal.Utils - [TestNG] Running:
  /Users/ushan/IdeaProjects/OpenCartFramework/testng.xml

2025-05-25 13:15:27 [main] INFO  TestCases.TC003_LoginDDT - Running on Chrome browder
2025-05-25 13:15:55 [main] INFO  org.testng.internal.Utils - [TestNG] Running:
  /Users/ushan/IdeaProjects/OpenCartFramework/testng.xml

2025-05-25 13:15:55 [main] INFO  TestCases.TC003_LoginDDT - Running on Chrome browder
2025-05-25 13:20:32 [main] INFO  org.testng.internal.Utils - [TestNG] Running:
  /Users/ushan/IdeaProjects/OpenCartFramework/testng.xml

2025-05-25 13:20:32 [main] INFO  TestCases.TC003_LoginDDT - Running on Chrome browder
2025-05-25 13:22:48 [main] INFO  org.testng.internal.Utils - [TestNG] Running:
  /Users/ushan/IdeaProjects/OpenCartFramework/testng.xml

2025-05-25 13:22:48 [main] INFO  TestCases.TC003_LoginDDT - Running on Chrome browder
2025-05-25 13:27:47 [main] INFO  org.testng.internal.Utils - [TestNG] Running:
  /Users/ushan/IdeaProjects/OpenCartFramework/testng.xml

2025-05-25 13:27:47 [main] INFO  TestCases.TC003_LoginDDT - Running on Chrome browder
2025-05-25 16:11:06 [main] INFO  org.testng.internal.Utils - [TestNG] Running:
  /Users/ushan/IdeaProjects/OpenCartFramework/grouping.xml

2025-05-25 16:16:42 [main] INFO  org.testng.internal.Utils - [TestNG] Running:
  /Users/ushan/IdeaProjects/OpenCartFramework/grouping.xml

2025-05-25 16:17:28 [main] INFO  org.testng.internal.Utils - [TestNG] Running:
  /Users/ushan/IdeaProjects/OpenCartFramework/grouping.xml

2025-05-25 16:18:25 [main] INFO  org.testng.internal.Utils - [TestNG] Running:
  /Users/ushan/IdeaProjects/OpenCartFramework/grouping.xml

2025-05-25 16:18:54 [main] INFO  org.testng.internal.Utils - [TestNG] Running:
  /Users/ushan/IdeaProjects/OpenCartFramework/grouping.xml

2025-05-25 16:19:47 [main] INFO  org.testng.internal.Utils - [TestNG] Running:
  /Users/ushan/IdeaProjects/OpenCartFramework/grouping.xml

2025-05-25 16:19:47 [main] INFO  TestCases.TC001_RegisterAccount - Running on Chrome browder
2025-05-25 16:19:53 [main] INFO  TestCases.TC001_RegisterAccount - -----------Starting TC01_CreateAccount execution 
2025-05-25 16:19:53 [main] INFO  TestCases.TC001_RegisterAccount - -----------Clicking on MyAccount------- 
2025-05-25 16:19:53 [main] INFO  TestCases.TC001_RegisterAccount - -----------Clicking on Register------- 
2025-05-25 16:19:55 [main] INFO  TestCases.TC001_RegisterAccount - -----------Validating confirmation message------- 
2025-05-25 16:19:55 [main] INFO  TestCases.TC001_RegisterAccount - Your Account Has Been Created!
2025-05-25 16:19:55 [main] INFO  TestCases.TC001_RegisterAccount - -----------Testcase passed------- 
2025-05-25 16:19:55 [main] INFO  TestCases.TC001_RegisterAccount - -------------Finished TC01_CreateAccount execution-------
2025-05-25 16:19:55 [main] INFO  TestCases.TC002_Login - Running on Chrome browder
2025-05-25 16:20:00 [main] INFO  TestCases.TC002_Login - -----------Starting TC002_Login --------------
