2025-05-25 16:29:41 [main] INFO  TestCases.TC002_Login - Running on Chrome browder
2025-05-25 16:29:45 [main] INFO  TestCases.TC002_Login - -----------Starting TC002_Login --------------
2025-05-25 16:29:47 [main] INFO  TestCases.TC002_Login - -----------Finished TC002_Login --------------
2025-05-25 16:30:56 [main] INFO  org.testng.internal.Utils - [TestNG] Running:
  /Users/ushan/IdeaProjects/OpenCartFramework/grouping.xml

2025-05-25 16:30:56 [main] INFO  TestCases.TC001_RegisterAccount - Running on Chrome browder
2025-05-25 16:31:01 [main] INFO  TestCases.TC001_RegisterAccount - -----------Starting TC01_CreateAccount execution 
2025-05-25 16:31:01 [main] INFO  TestCases.TC001_RegisterAccount - -----------Clicking on MyAccount------- 
2025-05-25 16:31:01 [main] INFO  TestCases.TC001_RegisterAccount - -----------Clicking on Register------- 
2025-05-25 16:31:03 [main] INFO  TestCases.TC001_RegisterAccount - -----------Validating confirmation message------- 
2025-05-25 16:31:03 [main] INFO  TestCases.TC001_RegisterAccount - Your Account Has Been Created!
2025-05-25 16:31:03 [main] INFO  TestCases.TC001_RegisterAccount - -----------Testcase passed------- 
2025-05-25 16:31:03 [main] INFO  TestCases.TC001_RegisterAccount - -------------Finished TC01_CreateAccount execution-------
2025-05-25 16:31:04 [main] INFO  TestCases.TC002_Login - Running on Chrome browder
2025-05-25 16:31:08 [main] INFO  TestCases.TC002_Login - -----------Starting TC002_Login --------------
2025-05-25 16:31:10 [main] INFO  TestCases.TC002_Login - -----------Finished TC002_Login --------------
2025-05-25 16:38:36 [main] INFO  org.testng.internal.Utils - [TestNG] Running:
  /Users/ushan/IdeaProjects/OpenCartFramework/grouping.xml

2025-05-25 16:38:36 [main] INFO  TestCases.TC001_RegisterAccount - Running on Chrome browder
2025-05-25 16:38:41 [main] INFO  TestCases.TC001_RegisterAccount - -----------Starting TC01_CreateAccount execution 
2025-05-25 16:38:41 [main] INFO  TestCases.TC001_RegisterAccount - -----------Clicking on MyAccount------- 
2025-05-25 16:38:42 [main] INFO  TestCases.TC001_RegisterAccount - -----------Clicking on Register------- 
2025-05-25 16:38:44 [main] INFO  TestCases.TC001_RegisterAccount - -----------Validating confirmation message------- 
2025-05-25 16:38:44 [main] INFO  TestCases.TC001_RegisterAccount - Your Account Has Been Created!
2025-05-25 16:38:44 [main] INFO  TestCases.TC001_RegisterAccount - -----------Testcase passed------- 
2025-05-25 16:38:44 [main] INFO  TestCases.TC001_RegisterAccount - -------------Finished TC01_CreateAccount execution-------
2025-05-25 16:38:44 [main] INFO  TestCases.TC002_Login - Running on Chrome browder
2025-05-25 16:38:49 [main] INFO  TestCases.TC002_Login - -----------Starting TC002_Login --------------
2025-05-25 16:41:39 [main] INFO  org.testng.internal.Utils - [TestNG] Running:
  /Users/ushan/IdeaProjects/OpenCartFramework/grouping.xml

2025-05-25 16:41:39 [main] INFO  TestCases.TC001_RegisterAccount - Running on Chrome browder
2025-05-25 16:41:44 [main] INFO  TestCases.TC001_RegisterAccount - -----------Starting TC01_CreateAccount execution 
2025-05-25 16:41:44 [main] INFO  TestCases.TC001_RegisterAccount - -----------Clicking on MyAccount------- 
2025-05-25 16:41:44 [main] INFO  TestCases.TC001_RegisterAccount - -----------Clicking on Register------- 
2025-05-25 16:41:46 [main] INFO  TestCases.TC001_RegisterAccount - -----------Validating confirmation message------- 
2025-05-25 16:41:46 [main] INFO  TestCases.TC001_RegisterAccount - Your Account Has Been Created!
2025-05-25 16:41:46 [main] INFO  TestCases.TC001_RegisterAccount - -----------Testcase passed------- 
2025-05-25 16:41:46 [main] INFO  TestCases.TC001_RegisterAccount - -------------Finished TC01_CreateAccount execution-------
2025-05-25 16:41:46 [main] INFO  TestCases.TC002_Login - Running on Chrome browder
2025-05-25 16:41:51 [main] INFO  TestCases.TC002_Login - -----------Starting TC002_Login --------------
2025-05-25 16:47:51 [main] INFO  org.testng.internal.Utils - [TestNG] Running:
  /Users/ushan/IdeaProjects/OpenCartFramework/grouping.xml

2025-05-25 16:47:51 [main] INFO  TestCases.TC001_RegisterAccount - Running on Chrome browder
2025-05-25 16:47:56 [main] INFO  TestCases.TC001_RegisterAccount - -----------Starting TC01_CreateAccount execution 
2025-05-25 16:47:56 [main] INFO  TestCases.TC001_RegisterAccount - -----------Clicking on MyAccount------- 
2025-05-25 16:47:56 [main] INFO  TestCases.TC001_RegisterAccount - -----------Clicking on Register------- 
2025-05-25 16:47:59 [main] INFO  TestCases.TC001_RegisterAccount - -----------Validating confirmation message------- 
2025-05-25 16:47:59 [main] INFO  TestCases.TC001_RegisterAccount - Your Account Has Been Created!
2025-05-25 16:47:59 [main] INFO  TestCases.TC001_RegisterAccount - -----------Testcase passed------- 
2025-05-25 16:47:59 [main] INFO  TestCases.TC001_RegisterAccount - -------------Finished TC01_CreateAccount execution-------
2025-05-25 16:47:59 [main] INFO  TestCases.TC002_Login - Running on Chrome browder
